<?xml version="1.0" encoding="UTF-8"?>
<testng-results ignored="0" total="1" passed="1" failed="0" skipped="0">
  <reporter-output>
  </reporter-output>
  <suite started-at="2020-03-28T02:14:16Z" name="Default suite" finished-at="2020-03-28T02:14:51Z" duration-ms="35173">
    <groups>
      <group name="cucumber">
        <method signature="AbstractTestNGCucumberTests.feature(cucumber.api.testng.CucumberFeatureWrapper)[pri:0, instance:com.test.testRunner.TestRunner@683dbc2c]" name="feature" class="cucumber.api.testng.AbstractTestNGCucumberTests"/>
      </group> <!-- cucumber -->
    </groups>
    <test started-at="2020-03-28T02:14:16Z" name="Default test" finished-at="2020-03-28T02:14:51Z" duration-ms="35173">
      <class name="com.test.testRunner.TestRunner">
        <test-method is-config="true" signature="setUp()[pri:0, instance:com.test.testRunner.TestRunner@683dbc2c]" started-at="2020-03-28T02:14:16Z" name="setUp" finished-at="2020-03-28T02:14:29Z" duration-ms="13344" status="PASS">
          <reporter-output>
          </reporter-output>
        </test-method> <!-- setUp -->
        <test-method is-config="true" signature="setUpClass()[pri:0, instance:com.test.testRunner.TestRunner@683dbc2c]" started-at="2020-03-28T02:14:29Z" name="setUpClass" finished-at="2020-03-28T02:14:30Z" duration-ms="631" status="PASS">
          <reporter-output>
          </reporter-output>
        </test-method> <!-- setUpClass -->
        <test-method signature="feature(cucumber.api.testng.CucumberFeatureWrapper)[pri:0, instance:com.test.testRunner.TestRunner@683dbc2c]" started-at="2020-03-28T02:14:30Z" name="feature" description="Runs Cucumber Feature" data-provider="features" finished-at="2020-03-28T02:14:50Z" duration-ms="19592" status="PASS">
          <params>
            <param index="0">
              <value>
                <![CDATA[Login Functionality]]>
              </value>
            </param>
          </params>
          <reporter-output>
          </reporter-output>
        </test-method> <!-- feature -->
        <test-method is-config="true" signature="tearDownClass()[pri:0, instance:com.test.testRunner.TestRunner@683dbc2c]" started-at="2020-03-28T02:14:50Z" name="tearDownClass" finished-at="2020-03-28T02:14:50Z" duration-ms="31" status="PASS">
          <reporter-output>
          </reporter-output>
        </test-method> <!-- tearDownClass -->
        <test-method is-config="true" signature="tearDown()[pri:0, instance:com.test.testRunner.TestRunner@683dbc2c]" started-at="2020-03-28T02:14:50Z" name="tearDown" finished-at="2020-03-28T02:14:51Z" duration-ms="1264" status="PASS">
          <reporter-output>
          </reporter-output>
        </test-method> <!-- tearDown -->
      </class> <!-- com.test.testRunner.TestRunner -->
    </test> <!-- Default test -->
  </suite> <!-- Default suite -->
</testng-results>
